<?xml version="1.0" encoding="UTF-8" standalone="no"?><testsuite errors="1" failures="0" name="Login" skipped="0" tests="1" time="61.0" timestamp="2024-11-19 03:53:00"><testcase name="Agregar un producto al carro de compras de manera exitosa"><error message="element click intercepted: Element &lt;div class=&quot;comet-v2-input-number-btn comet-v2-input-number-btn-increase&quot;&gt;...&lt;/div&gt; is not clickable at point (1481, 586). Other element would receive the click: &lt;div class=&quot;_1aswi&quot;&gt;...&lt;/div&gt;&#10;  (Session info: chrome=131.0.6778.70)&#10;Build info: version: '4.5.0', revision: 'fe167b119a'&#10;System info: os.name: 'Windows 10', os.arch: 'amd64', os.version: '10.0', java.version: '11.0.20'&#10;Driver info: org.openqa.selenium.chrome.ChromeDriver&#10;Command: [44c4826d8557c8115c76a0fb9861485d, clickElement {id=f.5826A07815E9F57F4D806964B86E7031.d.9750E74DA3D749ABCEE22AADADF02D01.e.84}]&#10;Capabilities {acceptInsecureCerts: false, browserName: chrome, browserVersion: 131.0.6778.70, chrome: {chromedriverVersion: 131.0.6778.69 (77e2244bbcda..., userDataDir: C:\Users\sarmi\AppData\Loca...}, fedcm:accounts: true, goog:chromeOptions: {debuggerAddress: localhost:55254}, networkConnectionEnabled: false, pageLoadStrategy: normal, platformName: WINDOWS, proxy: Proxy(), se:cdp: ws://localhost:55254/devtoo..., se:cdpVersion: 131.0.6778.70, setWindowRect: true, strictFileInteractability: false, timeouts: {implicit: 0, pageLoad: 300000, script: 30000}, unhandledPromptBehavior: dismiss and notify, webauthn:extension:credBlob: true, webauthn:extension:largeBlob: true, webauthn:extension:minPinLength: true, webauthn:extension:prf: true, webauthn:virtualAuthenticators: true}&#10;Element: [[ChromeDriver: chrome on WINDOWS (44c4826d8557c8115c76a0fb9861485d)] -&gt; xpath: //div[@class='comet-v2-input-number-btn comet-v2-input-number-btn-increase']]&#10;Session ID: 44c4826d8557c8115c76a0fb9861485d" type="org.openqa.selenium.ElementClickInterceptedException">element click intercepted: Element &lt;div class="comet-v2-input-number-btn comet-v2-input-number-btn-increase"&gt;...&lt;/div&gt; is not clickable at point (1481, 586). Other element would receive the click: &lt;div class="_1aswi"&gt;...&lt;/div&gt;
  (Session info: chrome=131.0.6778.70)
Build info: version: '4.5.0', revision: 'fe167b119a'
System info: os.name: 'Windows 10', os.arch: 'amd64', os.version: '10.0', java.version: '11.0.20'
Driver info: org.openqa.selenium.chrome.ChromeDriver
Command: [44c4826d8557c8115c76a0fb9861485d, clickElement {id=f.5826A07815E9F57F4D806964B86E7031.d.9750E74DA3D749ABCEE22AADADF02D01.e.84}]
Capabilities {acceptInsecureCerts: false, browserName: chrome, browserVersion: 131.0.6778.70, chrome: {chromedriverVersion: 131.0.6778.69 (77e2244bbcda..., userDataDir: C:\Users\sarmi\AppData\Loca...}, fedcm:accounts: true, goog:chromeOptions: {debuggerAddress: localhost:55254}, networkConnectionEnabled: false, pageLoadStrategy: normal, platformName: WINDOWS, proxy: Proxy(), se:cdp: ws://localhost:55254/devtoo..., se:cdpVersion: 131.0.6778.70, setWindowRect: true, strictFileInteractability: false, timeouts: {implicit: 0, pageLoad: 300000, script: 30000}, unhandledPromptBehavior: dismiss and notify, webauthn:extension:credBlob: true, webauthn:extension:largeBlob: true, webauthn:extension:minPinLength: true, webauthn:extension:prf: true, webauthn:virtualAuthenticators: true}
Element: [[ChromeDriver: chrome on WINDOWS (44c4826d8557c8115c76a0fb9861485d)] -&gt; xpath: //div[@class='comet-v2-input-number-btn comet-v2-input-number-btn-increase']]
Session ID: 44c4826d8557c8115c76a0fb9861485d</error><system-err>element click intercepted: Element &lt;div class="comet-v2-input-number-btn comet-v2-input-number-btn-increase"&gt;...&lt;/div&gt; is not clickable at point (1481, 586). Other element would receive the click: &lt;div class="_1aswi"&gt;...&lt;/div&gt;
  (Session info: chrome=131.0.6778.70)
Build info: version: '4.5.0', revision: 'fe167b119a'
System info: os.name: 'Windows 10', os.arch: 'amd64', os.version: '10.0', java.version: '11.0.20'
Driver info: org.openqa.selenium.chrome.ChromeDriver
Command: [44c4826d8557c8115c76a0fb9861485d, clickElement {id=f.5826A07815E9F57F4D806964B86E7031.d.9750E74DA3D749ABCEE22AADADF02D01.e.84}]
Capabilities {acceptInsecureCerts: false, browserName: chrome, browserVersion: 131.0.6778.70, chrome: {chromedriverVersion: 131.0.6778.69 (77e2244bbcda..., userDataDir: C:\Users\sarmi\AppData\Loca...}, fedcm:accounts: true, goog:chromeOptions: {debuggerAddress: localhost:55254}, networkConnectionEnabled: false, pageLoadStrategy: normal, platformName: WINDOWS, proxy: Proxy(), se:cdp: ws://localhost:55254/devtoo..., se:cdpVersion: 131.0.6778.70, setWindowRect: true, strictFileInteractability: false, timeouts: {implicit: 0, pageLoad: 300000, script: 30000}, unhandledPromptBehavior: dismiss and notify, webauthn:extension:credBlob: true, webauthn:extension:largeBlob: true, webauthn:extension:minPinLength: true, webauthn:extension:prf: true, webauthn:virtualAuthenticators: true}
Element: [[ChromeDriver: chrome on WINDOWS (44c4826d8557c8115c76a0fb9861485d)] -&gt; xpath: //div[@class='comet-v2-input-number-btn comet-v2-input-number-btn-increase']]
Session ID: 44c4826d8557c8115c76a0fb9861485d&#13;
com.aliexpress.es.tasks.AgregarAlCarrito.performAs(AgregarAlCarrito.java:23)&#13;
com.aliexpress.es.stepDefinitions.AgregarAlCarritoStepDefinitions.seleccionoLasCantidadesDelProducto(AgregarAlCarritoStepDefinitions.java:64)&#13;
io.cucumber.java.Invoker.doInvoke(Invoker.java:66)&#13;
io.cucumber.java.Invoker.invoke(Invoker.java:24)&#13;
io.cucumber.java.AbstractGlueDefinition.invokeMethod(AbstractGlueDefinition.java:47)&#13;
io.cucumber.java.JavaStepDefinition.execute(JavaStepDefinition.java:29)&#13;
io.cucumber.core.runner.CoreStepDefinition.execute(CoreStepDefinition.java:66)&#13;
io.cucumber.core.runner.PickleStepDefinitionMatch.runStep(PickleStepDefinitionMatch.java:63)&#13;
io.cucumber.core.runner.TestStep.executeStep(TestStep.java:85)&#13;
io.cucumber.core.runner.TestStep.run(TestStep.java:57)&#13;
io.cucumber.core.runner.PickleStepTestStep.run(PickleStepTestStep.java:51)&#13;
io.cucumber.core.runner.TestCase.run(TestCase.java:84)&#13;
io.cucumber.core.runner.Runner.runPickle(Runner.java:75)&#13;
io.cucumber.core.runtime.CucumberExecutionContext.lambda$runTestCase$5(CucumberExecutionContext.java:129)&#13;
io.cucumber.core.runtime.RethrowingThrowableCollector.executeAndThrow(RethrowingThrowableCollector.java:23)&#13;
io.cucumber.core.runtime.CucumberExecutionContext.runTestCase(CucumberExecutionContext.java:129)&#13;
io.cucumber.junit.FeatureRunner.runChild(FeatureRunner.java:144)&#13;
io.cucumber.junit.FeatureRunner.runChild(FeatureRunner.java:28)&#13;
io.cucumber.junit.FeatureRunner.run(FeatureRunner.java:137)&#13;
io.cucumber.junit.CucumberSerenityRunner.runChild(CucumberSerenityRunner.java:259)&#13;
io.cucumber.junit.CucumberSerenityRunner.runChild(CucumberSerenityRunner.java:59)&#13;
</system-err></testcase></testsuite>